Building DAG of jobs...
Using shell: /usr/bin/bash
Provided cores: 5
Rules claiming more threads will be scaled down.
Job stats:
job                 count    min threads    max threads
----------------  -------  -------------  -------------
all                     1              1              1
downsample_short        6              1              1
total                   7              1              1

Select jobs to execute...

[Mon Dec 16 19:29:23 2024]
rule downsample_short:
    input: /home/dwissel/data/seq/kinnex/raw/illumina/FASTQ/day5-rep1-r1.sirvs.fastq.gz, /home/dwissel/data/seq/kinnex/raw/illumina/FASTQ/day5-rep1-r2.sirvs.fastq.gz, /home/anna/seq_data/seq/illumina/sirvs_full_aligned_new/downsampled/day5-rep1.sirvs.sorted.bam
    output: /home/anna/seq_data/seq/illumina/sirvs_full_aligned_new/downsampled/downsampled_fastqs/day5-rep1-r1.sirvs.fastq.gz, /home/anna/seq_data/seq/illumina/sirvs_full_aligned_new/downsampled/downsampled_fastqs/day5-rep1-r2.sirvs.fastq.gz
    jobid: 10
    wildcards: sample=day5-rep1
    resources: tmpdir=/tmp


[Mon Dec 16 19:29:23 2024]
rule downsample_short:
    input: /home/dwissel/data/seq/kinnex/raw/illumina/FASTQ/day5-rep3-r1.sirvs.fastq.gz, /home/dwissel/data/seq/kinnex/raw/illumina/FASTQ/day5-rep3-r2.sirvs.fastq.gz, /home/anna/seq_data/seq/illumina/sirvs_full_aligned_new/downsampled/day5-rep3.sirvs.sorted.bam
    output: /home/anna/seq_data/seq/illumina/sirvs_full_aligned_new/downsampled/downsampled_fastqs/day5-rep3-r1.sirvs.fastq.gz, /home/anna/seq_data/seq/illumina/sirvs_full_aligned_new/downsampled/downsampled_fastqs/day5-rep3-r2.sirvs.fastq.gz
    jobid: 12
    wildcards: sample=day5-rep3
    resources: tmpdir=/tmp


[Mon Dec 16 19:29:23 2024]
rule downsample_short:
    input: /home/dwissel/data/seq/kinnex/raw/illumina/FASTQ/day0-rep2-r1.sirvs.fastq.gz, /home/dwissel/data/seq/kinnex/raw/illumina/FASTQ/day0-rep2-r2.sirvs.fastq.gz, /home/anna/seq_data/seq/illumina/sirvs_full_aligned_new/downsampled/day0-rep2.sirvs.sorted.bam
    output: /home/anna/seq_data/seq/illumina/sirvs_full_aligned_new/downsampled/downsampled_fastqs/day0-rep2-r1.sirvs.fastq.gz, /home/anna/seq_data/seq/illumina/sirvs_full_aligned_new/downsampled/downsampled_fastqs/day0-rep2-r2.sirvs.fastq.gz
    jobid: 8
    wildcards: sample=day0-rep2
    resources: tmpdir=/tmp


[Mon Dec 16 19:29:23 2024]
rule downsample_short:
    input: /home/dwissel/data/seq/kinnex/raw/illumina/FASTQ/day0-rep3-r1.sirvs.fastq.gz, /home/dwissel/data/seq/kinnex/raw/illumina/FASTQ/day0-rep3-r2.sirvs.fastq.gz, /home/anna/seq_data/seq/illumina/sirvs_full_aligned_new/downsampled/day0-rep3.sirvs.sorted.bam
    output: /home/anna/seq_data/seq/illumina/sirvs_full_aligned_new/downsampled/downsampled_fastqs/day0-rep3-r1.sirvs.fastq.gz, /home/anna/seq_data/seq/illumina/sirvs_full_aligned_new/downsampled/downsampled_fastqs/day0-rep3-r2.sirvs.fastq.gz
    jobid: 9
    wildcards: sample=day0-rep3
    resources: tmpdir=/tmp


[Mon Dec 16 19:29:23 2024]
rule downsample_short:
    input: /home/dwissel/data/seq/kinnex/raw/illumina/FASTQ/day0-rep1-r1.sirvs.fastq.gz, /home/dwissel/data/seq/kinnex/raw/illumina/FASTQ/day0-rep1-r2.sirvs.fastq.gz, /home/anna/seq_data/seq/illumina/sirvs_full_aligned_new/downsampled/day0-rep1.sirvs.sorted.bam
    output: /home/anna/seq_data/seq/illumina/sirvs_full_aligned_new/downsampled/downsampled_fastqs/day0-rep1-r1.sirvs.fastq.gz, /home/anna/seq_data/seq/illumina/sirvs_full_aligned_new/downsampled/downsampled_fastqs/day0-rep1-r2.sirvs.fastq.gz
    jobid: 7
    wildcards: sample=day0-rep1
    resources: tmpdir=/tmp

[Mon Dec 16 19:29:55 2024]
Finished job 7.
1 of 7 steps (14%) done
Select jobs to execute...

[Mon Dec 16 19:29:55 2024]
rule downsample_short:
    input: /home/dwissel/data/seq/kinnex/raw/illumina/FASTQ/day5-rep2-r1.sirvs.fastq.gz, /home/dwissel/data/seq/kinnex/raw/illumina/FASTQ/day5-rep2-r2.sirvs.fastq.gz, /home/anna/seq_data/seq/illumina/sirvs_full_aligned_new/downsampled/day5-rep2.sirvs.sorted.bam
    output: /home/anna/seq_data/seq/illumina/sirvs_full_aligned_new/downsampled/downsampled_fastqs/day5-rep2-r1.sirvs.fastq.gz, /home/anna/seq_data/seq/illumina/sirvs_full_aligned_new/downsampled/downsampled_fastqs/day5-rep2-r2.sirvs.fastq.gz
    jobid: 11
    wildcards: sample=day5-rep2
    resources: tmpdir=/tmp

[Mon Dec 16 19:29:55 2024]
Finished job 12.
2 of 7 steps (29%) done
[Mon Dec 16 19:29:59 2024]
Finished job 8.
3 of 7 steps (43%) done
[Mon Dec 16 19:30:05 2024]
Finished job 9.
4 of 7 steps (57%) done
[Mon Dec 16 19:30:12 2024]
Finished job 10.
5 of 7 steps (71%) done
[Mon Dec 16 19:30:27 2024]
Finished job 11.
6 of 7 steps (86%) done
Select jobs to execute...

[Mon Dec 16 19:30:27 2024]
localrule all:
    input: /home/anna/seq_data/seq/kinnex/sirvs_full_aligned_new/downsampled/downsampled_fastqs/day0-rep1/sirvs.reads.fastq.gz, /home/anna/seq_data/seq/kinnex/sirvs_full_aligned_new/downsampled/downsampled_fastqs/day0-rep2/sirvs.reads.fastq.gz, /home/anna/seq_data/seq/kinnex/sirvs_full_aligned_new/downsampled/downsampled_fastqs/day0-rep3/sirvs.reads.fastq.gz, /home/anna/seq_data/seq/kinnex/sirvs_full_aligned_new/downsampled/downsampled_fastqs/day5-rep1/sirvs.reads.fastq.gz, /home/anna/seq_data/seq/kinnex/sirvs_full_aligned_new/downsampled/downsampled_fastqs/day5-rep2/sirvs.reads.fastq.gz, /home/anna/seq_data/seq/kinnex/sirvs_full_aligned_new/downsampled/downsampled_fastqs/day5-rep3/sirvs.reads.fastq.gz, /home/anna/seq_data/seq/illumina/sirvs_full_aligned_new/downsampled/downsampled_fastqs/day0-rep1-r1.sirvs.fastq.gz, /home/anna/seq_data/seq/illumina/sirvs_full_aligned_new/downsampled/downsampled_fastqs/day0-rep2-r1.sirvs.fastq.gz, /home/anna/seq_data/seq/illumina/sirvs_full_aligned_new/downsampled/downsampled_fastqs/day0-rep3-r1.sirvs.fastq.gz, /home/anna/seq_data/seq/illumina/sirvs_full_aligned_new/downsampled/downsampled_fastqs/day5-rep1-r1.sirvs.fastq.gz, /home/anna/seq_data/seq/illumina/sirvs_full_aligned_new/downsampled/downsampled_fastqs/day5-rep2-r1.sirvs.fastq.gz, /home/anna/seq_data/seq/illumina/sirvs_full_aligned_new/downsampled/downsampled_fastqs/day5-rep3-r1.sirvs.fastq.gz, /home/anna/seq_data/seq/illumina/sirvs_full_aligned_new/downsampled/downsampled_fastqs/day0-rep1-r2.sirvs.fastq.gz, /home/anna/seq_data/seq/illumina/sirvs_full_aligned_new/downsampled/downsampled_fastqs/day0-rep2-r2.sirvs.fastq.gz, /home/anna/seq_data/seq/illumina/sirvs_full_aligned_new/downsampled/downsampled_fastqs/day0-rep3-r2.sirvs.fastq.gz, /home/anna/seq_data/seq/illumina/sirvs_full_aligned_new/downsampled/downsampled_fastqs/day5-rep1-r2.sirvs.fastq.gz, /home/anna/seq_data/seq/illumina/sirvs_full_aligned_new/downsampled/downsampled_fastqs/day5-rep2-r2.sirvs.fastq.gz, /home/anna/seq_data/seq/illumina/sirvs_full_aligned_new/downsampled/downsampled_fastqs/day5-rep3-r2.sirvs.fastq.gz
    jobid: 0
    resources: tmpdir=/tmp

[Mon Dec 16 19:30:27 2024]
Finished job 0.
7 of 7 steps (100%) done
Complete log: /home/anna/mas-seq-discovery/workflow/rules/.snakemake/log/2024-12-16T192923.253633.snakemake.log
