Building DAG of jobs...
Using shell: /usr/bin/bash
Provided cores: 10
Rules claiming more threads will be scaled down.
Job stats:
job                       count    min threads    max threads
----------------------  -------  -------------  -------------
all                           1              1              1
downsample_fastq              6              1              1
downsample_fastq_short        6              1              1
total                        13              1              1

Select jobs to execute...

[Wed Jan  8 15:26:53 2025]
rule downsample_fastq:
    input: /home/dwissel/data/seq/kinnex/raw/day0-rep3/gencode.reads.fastq.gz, /home/anna/seq_data/seq/kinnex/gencode_aligned_new/downsampled/day0-rep3.gencode.sorted.bam
    output: /home/anna/seq_data/seq/kinnex/gencode_aligned_new/downsampled/downsampled_fastqs/day0-rep3/gencode.fastq.gz
    jobid: 3
    wildcards: sample=day0-rep3
    resources: tmpdir=/tmp


[Wed Jan  8 15:26:53 2025]
rule downsample_fastq:
    input: /home/dwissel/data/seq/kinnex/raw/day0-rep2/gencode.reads.fastq.gz, /home/anna/seq_data/seq/kinnex/gencode_aligned_new/downsampled/day0-rep2.gencode.sorted.bam
    output: /home/anna/seq_data/seq/kinnex/gencode_aligned_new/downsampled/downsampled_fastqs/day0-rep2/gencode.fastq.gz
    jobid: 2
    wildcards: sample=day0-rep2
    resources: tmpdir=/tmp


[Wed Jan  8 15:26:53 2025]
rule downsample_fastq:
    input: /home/dwissel/data/seq/kinnex/raw/day5-rep3/gencode.reads.fastq.gz, /home/anna/seq_data/seq/kinnex/gencode_aligned_new/downsampled/day5-rep3.gencode.sorted.bam
    output: /home/anna/seq_data/seq/kinnex/gencode_aligned_new/downsampled/downsampled_fastqs/day5-rep3/gencode.fastq.gz
    jobid: 6
    wildcards: sample=day5-rep3
    resources: tmpdir=/tmp


[Wed Jan  8 15:26:53 2025]
rule downsample_fastq:
    input: /home/dwissel/data/seq/kinnex/raw/day0-rep1/gencode.reads.fastq.gz, /home/anna/seq_data/seq/kinnex/gencode_aligned_new/downsampled/day0-rep1.gencode.sorted.bam
    output: /home/anna/seq_data/seq/kinnex/gencode_aligned_new/downsampled/downsampled_fastqs/day0-rep1/gencode.fastq.gz
    jobid: 1
    wildcards: sample=day0-rep1
    resources: tmpdir=/tmp


[Wed Jan  8 15:26:53 2025]
rule downsample_fastq_short:
    input: /home/dwissel/data/seq/kinnex/raw/illumina/FASTQ/day0-rep2-r1.gencode.fastq.gz, /home/dwissel/data/seq/kinnex/raw/illumina/FASTQ/day0-rep2-r2.gencode.fastq.gz, /home/anna/seq_data/seq/illumina/gencode_aligned_new/downsampled/day0-rep2.gencode.sorted.bam
    output: /home/anna/seq_data/seq/illumina/gencode_aligned_new/downsampled/downsampled_fastqs/day0-rep2-r1.gencode.fastq.gz, /home/anna/seq_data/seq/illumina/gencode_aligned_new/downsampled/downsampled_fastqs/day0-rep2-r2.gencode.fastq.gz
    jobid: 8
    wildcards: sample=day0-rep2
    resources: tmpdir=/tmp


[Wed Jan  8 15:26:53 2025]
rule downsample_fastq_short:
    input: /home/dwissel/data/seq/kinnex/raw/illumina/FASTQ/day5-rep1-r1.gencode.fastq.gz, /home/dwissel/data/seq/kinnex/raw/illumina/FASTQ/day5-rep1-r2.gencode.fastq.gz, /home/anna/seq_data/seq/illumina/gencode_aligned_new/downsampled/day5-rep1.gencode.sorted.bam
    output: /home/anna/seq_data/seq/illumina/gencode_aligned_new/downsampled/downsampled_fastqs/day5-rep1-r1.gencode.fastq.gz, /home/anna/seq_data/seq/illumina/gencode_aligned_new/downsampled/downsampled_fastqs/day5-rep1-r2.gencode.fastq.gz
    jobid: 10
    wildcards: sample=day5-rep1
    resources: tmpdir=/tmp


[Wed Jan  8 15:26:53 2025]
rule downsample_fastq_short:
    input: /home/dwissel/data/seq/kinnex/raw/illumina/FASTQ/day5-rep3-r1.gencode.fastq.gz, /home/dwissel/data/seq/kinnex/raw/illumina/FASTQ/day5-rep3-r2.gencode.fastq.gz, /home/anna/seq_data/seq/illumina/gencode_aligned_new/downsampled/day5-rep3.gencode.sorted.bam
    output: /home/anna/seq_data/seq/illumina/gencode_aligned_new/downsampled/downsampled_fastqs/day5-rep3-r1.gencode.fastq.gz, /home/anna/seq_data/seq/illumina/gencode_aligned_new/downsampled/downsampled_fastqs/day5-rep3-r2.gencode.fastq.gz
    jobid: 12
    wildcards: sample=day5-rep3
    resources: tmpdir=/tmp


[Wed Jan  8 15:26:53 2025]
rule downsample_fastq:
    input: /home/dwissel/data/seq/kinnex/raw/day5-rep1/gencode.reads.fastq.gz, /home/anna/seq_data/seq/kinnex/gencode_aligned_new/downsampled/day5-rep1.gencode.sorted.bam
    output: /home/anna/seq_data/seq/kinnex/gencode_aligned_new/downsampled/downsampled_fastqs/day5-rep1/gencode.fastq.gz
    jobid: 4
    wildcards: sample=day5-rep1
    resources: tmpdir=/tmp


[Wed Jan  8 15:26:53 2025]
rule downsample_fastq_short:
    input: /home/dwissel/data/seq/kinnex/raw/illumina/FASTQ/day0-rep3-r1.gencode.fastq.gz, /home/dwissel/data/seq/kinnex/raw/illumina/FASTQ/day0-rep3-r2.gencode.fastq.gz, /home/anna/seq_data/seq/illumina/gencode_aligned_new/downsampled/day0-rep3.gencode.sorted.bam
    output: /home/anna/seq_data/seq/illumina/gencode_aligned_new/downsampled/downsampled_fastqs/day0-rep3-r1.gencode.fastq.gz, /home/anna/seq_data/seq/illumina/gencode_aligned_new/downsampled/downsampled_fastqs/day0-rep3-r2.gencode.fastq.gz
    jobid: 9
    wildcards: sample=day0-rep3
    resources: tmpdir=/tmp


[Wed Jan  8 15:26:53 2025]
rule downsample_fastq_short:
    input: /home/dwissel/data/seq/kinnex/raw/illumina/FASTQ/day5-rep2-r1.gencode.fastq.gz, /home/dwissel/data/seq/kinnex/raw/illumina/FASTQ/day5-rep2-r2.gencode.fastq.gz, /home/anna/seq_data/seq/illumina/gencode_aligned_new/downsampled/day5-rep2.gencode.sorted.bam
    output: /home/anna/seq_data/seq/illumina/gencode_aligned_new/downsampled/downsampled_fastqs/day5-rep2-r1.gencode.fastq.gz, /home/anna/seq_data/seq/illumina/gencode_aligned_new/downsampled/downsampled_fastqs/day5-rep2-r2.gencode.fastq.gz
    jobid: 11
    wildcards: sample=day5-rep2
    resources: tmpdir=/tmp

Terminating processes on user request, this might take some time.
[Wed Jan  8 15:26:57 2025]
[Wed Jan  8 15:26:57 2025]
[Wed Jan  8 15:26:57 2025]
Error in rule downsample_fastq:
    jobid: 1
    output: /home/anna/seq_data/seq/kinnex/gencode_aligned_new/downsampled/downsampled_fastqs/day0-rep1/gencode.fastq.gz
    shell:
        
        samtools view /home/anna/seq_data/seq/kinnex/gencode_aligned_new/downsampled/day0-rep1.gencode.sorted.bam | cut -f 1 | sort | uniq  > /home/anna/seq_data/seq/kinnex/gencode_aligned_new/downsampled/day0-rep1/name.txt
        bash ../scripts/bbmap/filterbyname.sh in=/home/dwissel/data/seq/kinnex/raw/day0-rep1/gencode.reads.fastq.gz out=/home/anna/seq_data/seq/kinnex/gencode_aligned_new/downsampled/downsampled_fastqs/day0-rep1/gencode.fastq.gz names=/home/anna/seq_data/seq/kinnex/gencode_aligned_new/downsampled/day0-rep1/name.txt include=t
        
        (one of the commands exited with non-zero exit code; note that snakemake uses bash strict mode!)

[Wed Jan  8 15:26:57 2025]
Error in rule downsample_fastq:
    jobid: 6
    output: /home/anna/seq_data/seq/kinnex/gencode_aligned_new/downsampled/downsampled_fastqs/day5-rep3/gencode.fastq.gz
    shell:
        
        samtools view /home/anna/seq_data/seq/kinnex/gencode_aligned_new/downsampled/day5-rep3.gencode.sorted.bam | cut -f 1 | sort | uniq  > /home/anna/seq_data/seq/kinnex/gencode_aligned_new/downsampled/day5-rep3/name.txt
        bash ../scripts/bbmap/filterbyname.sh in=/home/dwissel/data/seq/kinnex/raw/day5-rep3/gencode.reads.fastq.gz out=/home/anna/seq_data/seq/kinnex/gencode_aligned_new/downsampled/downsampled_fastqs/day5-rep3/gencode.fastq.gz names=/home/anna/seq_data/seq/kinnex/gencode_aligned_new/downsampled/day5-rep3/name.txt include=t
        
        (one of the commands exited with non-zero exit code; note that snakemake uses bash strict mode!)

Error in rule downsample_fastq:
    jobid: 4
    output: /home/anna/seq_data/seq/kinnex/gencode_aligned_new/downsampled/downsampled_fastqs/day5-rep1/gencode.fastq.gz
    shell:
        
        samtools view /home/anna/seq_data/seq/kinnex/gencode_aligned_new/downsampled/day5-rep1.gencode.sorted.bam | cut -f 1 | sort | uniq  > /home/anna/seq_data/seq/kinnex/gencode_aligned_new/downsampled/day5-rep1/name.txt
        bash ../scripts/bbmap/filterbyname.sh in=/home/dwissel/data/seq/kinnex/raw/day5-rep1/gencode.reads.fastq.gz out=/home/anna/seq_data/seq/kinnex/gencode_aligned_new/downsampled/downsampled_fastqs/day5-rep1/gencode.fastq.gz names=/home/anna/seq_data/seq/kinnex/gencode_aligned_new/downsampled/day5-rep1/name.txt include=t
        
        (one of the commands exited with non-zero exit code; note that snakemake uses bash strict mode!)

[Wed Jan  8 15:26:57 2025]
[Wed Jan  8 15:26:57 2025]
[Wed Jan  8 15:26:57 2025]
[Wed Jan  8 15:26:57 2025]
[Wed Jan  8 15:26:57 2025]
Error in rule downsample_fastq:
    jobid: 3
    output: /home/anna/seq_data/seq/kinnex/gencode_aligned_new/downsampled/downsampled_fastqs/day0-rep3/gencode.fastq.gz
    shell:
        
        samtools view /home/anna/seq_data/seq/kinnex/gencode_aligned_new/downsampled/day0-rep3.gencode.sorted.bam | cut -f 1 | sort | uniq  > /home/anna/seq_data/seq/kinnex/gencode_aligned_new/downsampled/day0-rep3/name.txt
        bash ../scripts/bbmap/filterbyname.sh in=/home/dwissel/data/seq/kinnex/raw/day0-rep3/gencode.reads.fastq.gz out=/home/anna/seq_data/seq/kinnex/gencode_aligned_new/downsampled/downsampled_fastqs/day0-rep3/gencode.fastq.gz names=/home/anna/seq_data/seq/kinnex/gencode_aligned_new/downsampled/day0-rep3/name.txt include=t
        
        (one of the commands exited with non-zero exit code; note that snakemake uses bash strict mode!)

[Wed Jan  8 15:26:57 2025]
Error in rule downsample_fastq:
    jobid: 2
    output: /home/anna/seq_data/seq/kinnex/gencode_aligned_new/downsampled/downsampled_fastqs/day0-rep2/gencode.fastq.gz
    shell:
        
        samtools view /home/anna/seq_data/seq/kinnex/gencode_aligned_new/downsampled/day0-rep2.gencode.sorted.bam | cut -f 1 | sort | uniq  > /home/anna/seq_data/seq/kinnex/gencode_aligned_new/downsampled/day0-rep2/name.txt
        bash ../scripts/bbmap/filterbyname.sh in=/home/dwissel/data/seq/kinnex/raw/day0-rep2/gencode.reads.fastq.gz out=/home/anna/seq_data/seq/kinnex/gencode_aligned_new/downsampled/downsampled_fastqs/day0-rep2/gencode.fastq.gz names=/home/anna/seq_data/seq/kinnex/gencode_aligned_new/downsampled/day0-rep2/name.txt include=t
        
        (one of the commands exited with non-zero exit code; note that snakemake uses bash strict mode!)

Error in rule downsample_fastq_short:
    jobid: 10
    output: /home/anna/seq_data/seq/illumina/gencode_aligned_new/downsampled/downsampled_fastqs/day5-rep1-r1.gencode.fastq.gz, /home/anna/seq_data/seq/illumina/gencode_aligned_new/downsampled/downsampled_fastqs/day5-rep1-r2.gencode.fastq.gz
    shell:
        
        samtools view /home/anna/seq_data/seq/illumina/gencode_aligned_new/downsampled/day5-rep1.gencode.sorted.bam | cut -f 1 | sort | uniq  > /home/anna/seq_data/seq/illumina/gencode_aligned_new/downsampled/day5-rep1_name.txt
        bash ../scripts/bbmap/filterbyname.sh in=/home/dwissel/data/seq/kinnex/raw/illumina/FASTQ/day5-rep1-r1.gencode.fastq.gz in2=/home/dwissel/data/seq/kinnex/raw/illumina/FASTQ/day5-rep1-r2.gencode.fastq.gz out=/home/anna/seq_data/seq/illumina/gencode_aligned_new/downsampled/downsampled_fastqs/day5-rep1-r1.gencode.fastq.gz out2=/home/anna/seq_data/seq/illumina/gencode_aligned_new/downsampled/downsampled_fastqs/day5-rep1-r2.gencode.fastq.gz names=/home/anna/seq_data/seq/illumina/gencode_aligned_new/downsampled/day5-rep1_name.txt int=f include=t
        
        (one of the commands exited with non-zero exit code; note that snakemake uses bash strict mode!)

Error in rule downsample_fastq_short:
    jobid: 11
    output: /home/anna/seq_data/seq/illumina/gencode_aligned_new/downsampled/downsampled_fastqs/day5-rep2-r1.gencode.fastq.gz, /home/anna/seq_data/seq/illumina/gencode_aligned_new/downsampled/downsampled_fastqs/day5-rep2-r2.gencode.fastq.gz
    shell:
        
        samtools view /home/anna/seq_data/seq/illumina/gencode_aligned_new/downsampled/day5-rep2.gencode.sorted.bam | cut -f 1 | sort | uniq  > /home/anna/seq_data/seq/illumina/gencode_aligned_new/downsampled/day5-rep2_name.txt
        bash ../scripts/bbmap/filterbyname.sh in=/home/dwissel/data/seq/kinnex/raw/illumina/FASTQ/day5-rep2-r1.gencode.fastq.gz in2=/home/dwissel/data/seq/kinnex/raw/illumina/FASTQ/day5-rep2-r2.gencode.fastq.gz out=/home/anna/seq_data/seq/illumina/gencode_aligned_new/downsampled/downsampled_fastqs/day5-rep2-r1.gencode.fastq.gz out2=/home/anna/seq_data/seq/illumina/gencode_aligned_new/downsampled/downsampled_fastqs/day5-rep2-r2.gencode.fastq.gz names=/home/anna/seq_data/seq/illumina/gencode_aligned_new/downsampled/day5-rep2_name.txt int=f include=t
        
        (one of the commands exited with non-zero exit code; note that snakemake uses bash strict mode!)

Error in rule downsample_fastq_short:
    jobid: 12
    output: /home/anna/seq_data/seq/illumina/gencode_aligned_new/downsampled/downsampled_fastqs/day5-rep3-r1.gencode.fastq.gz, /home/anna/seq_data/seq/illumina/gencode_aligned_new/downsampled/downsampled_fastqs/day5-rep3-r2.gencode.fastq.gz
    shell:
        
        samtools view /home/anna/seq_data/seq/illumina/gencode_aligned_new/downsampled/day5-rep3.gencode.sorted.bam | cut -f 1 | sort | uniq  > /home/anna/seq_data/seq/illumina/gencode_aligned_new/downsampled/day5-rep3_name.txt
        bash ../scripts/bbmap/filterbyname.sh in=/home/dwissel/data/seq/kinnex/raw/illumina/FASTQ/day5-rep3-r1.gencode.fastq.gz in2=/home/dwissel/data/seq/kinnex/raw/illumina/FASTQ/day5-rep3-r2.gencode.fastq.gz out=/home/anna/seq_data/seq/illumina/gencode_aligned_new/downsampled/downsampled_fastqs/day5-rep3-r1.gencode.fastq.gz out2=/home/anna/seq_data/seq/illumina/gencode_aligned_new/downsampled/downsampled_fastqs/day5-rep3-r2.gencode.fastq.gz names=/home/anna/seq_data/seq/illumina/gencode_aligned_new/downsampled/day5-rep3_name.txt int=f include=t
        
        (one of the commands exited with non-zero exit code; note that snakemake uses bash strict mode!)

Error in rule downsample_fastq_short:
    jobid: 8
    output: /home/anna/seq_data/seq/illumina/gencode_aligned_new/downsampled/downsampled_fastqs/day0-rep2-r1.gencode.fastq.gz, /home/anna/seq_data/seq/illumina/gencode_aligned_new/downsampled/downsampled_fastqs/day0-rep2-r2.gencode.fastq.gz
    shell:
        
        samtools view /home/anna/seq_data/seq/illumina/gencode_aligned_new/downsampled/day0-rep2.gencode.sorted.bam | cut -f 1 | sort | uniq  > /home/anna/seq_data/seq/illumina/gencode_aligned_new/downsampled/day0-rep2_name.txt
        bash ../scripts/bbmap/filterbyname.sh in=/home/dwissel/data/seq/kinnex/raw/illumina/FASTQ/day0-rep2-r1.gencode.fastq.gz in2=/home/dwissel/data/seq/kinnex/raw/illumina/FASTQ/day0-rep2-r2.gencode.fastq.gz out=/home/anna/seq_data/seq/illumina/gencode_aligned_new/downsampled/downsampled_fastqs/day0-rep2-r1.gencode.fastq.gz out2=/home/anna/seq_data/seq/illumina/gencode_aligned_new/downsampled/downsampled_fastqs/day0-rep2-r2.gencode.fastq.gz names=/home/anna/seq_data/seq/illumina/gencode_aligned_new/downsampled/day0-rep2_name.txt int=f include=t
        
        (one of the commands exited with non-zero exit code; note that snakemake uses bash strict mode!)

Error in rule downsample_fastq_short:
    jobid: 9
    output: /home/anna/seq_data/seq/illumina/gencode_aligned_new/downsampled/downsampled_fastqs/day0-rep3-r1.gencode.fastq.gz, /home/anna/seq_data/seq/illumina/gencode_aligned_new/downsampled/downsampled_fastqs/day0-rep3-r2.gencode.fastq.gz
    shell:
        
        samtools view /home/anna/seq_data/seq/illumina/gencode_aligned_new/downsampled/day0-rep3.gencode.sorted.bam | cut -f 1 | sort | uniq  > /home/anna/seq_data/seq/illumina/gencode_aligned_new/downsampled/day0-rep3_name.txt
        bash ../scripts/bbmap/filterbyname.sh in=/home/dwissel/data/seq/kinnex/raw/illumina/FASTQ/day0-rep3-r1.gencode.fastq.gz in2=/home/dwissel/data/seq/kinnex/raw/illumina/FASTQ/day0-rep3-r2.gencode.fastq.gz out=/home/anna/seq_data/seq/illumina/gencode_aligned_new/downsampled/downsampled_fastqs/day0-rep3-r1.gencode.fastq.gz out2=/home/anna/seq_data/seq/illumina/gencode_aligned_new/downsampled/downsampled_fastqs/day0-rep3-r2.gencode.fastq.gz names=/home/anna/seq_data/seq/illumina/gencode_aligned_new/downsampled/day0-rep3_name.txt int=f include=t
        
        (one of the commands exited with non-zero exit code; note that snakemake uses bash strict mode!)

Complete log: /home/anna/mas-seq-discovery/workflow/rules/.snakemake/log/2025-01-08T152652.716942.snakemake.log
